[debug] [2020-07-21T12:42:55.927Z] ----------------------------------------------------------------------
[debug] [2020-07-21T12:42:55.928Z] Command:       C:\Program Files\nodejs\node.exe C:\Users\gertruida.maritz\AppData\Roaming\npm\node_modules\firebase-tools\lib\bin\firebase.js emulators:start
[debug] [2020-07-21T12:42:55.928Z] CLI Version:   8.6.0
[debug] [2020-07-21T12:42:55.929Z] Platform:      win32
[debug] [2020-07-21T12:42:55.929Z] Node Version:  v13.11.0
[debug] [2020-07-21T12:42:55.929Z] Time:          Tue Jul 21 2020 14:42:55 GMT+0200 (South Africa Standard Time)
[debug] [2020-07-21T12:42:55.929Z] ----------------------------------------------------------------------
[debug] [2020-07-21T12:42:55.930Z] 
[debug] [2020-07-21T12:42:55.936Z] > command requires scopes: ["email","openid","https://www.googleapis.com/auth/cloudplatformprojects.readonly","https://www.googleapis.com/auth/firebase","https://www.googleapis.com/auth/cloud-platform"]
[debug] [2020-07-21T12:42:55.936Z] > authorizing via signed-in user
[info] i  emulators: Starting emulators: functions, firestore, database, hosting {"metadata":{"emulator":{"name":"hub"},"message":"Starting emulators: functions, firestore, database, hosting"}}
[debug] [2020-07-21T12:42:57.978Z] [hub] writing locator at C:\Users\GERTRU~1.MAR\AppData\Local\Temp\hub-stitchintime-3f21d.json
[debug] [2020-07-21T12:42:59.999Z] defaultcredentials: writing to file C:\Users\gertruida.maritz\AppData\Roaming\firebase\maritz_gm_gmail.com_application_default_credentials.json
[debug] [2020-07-21T12:43:00.000Z] Setting GAC to C:\Users\gertruida.maritz\AppData\Roaming\firebase\maritz_gm_gmail.com_application_default_credentials.json {"metadata":{"emulator":{"name":"functions"},"message":"Setting GAC to C:\\Users\\gertruida.maritz\\AppData\\Roaming\\firebase\\maritz_gm_gmail.com_application_default_credentials.json"}}
[warn] !  functions: The following emulators are not running, calls to these services from the Functions emulator will affect production: pubsub {"metadata":{"emulator":{"name":"functions"},"message":"The following emulators are not running, calls to these services from the Functions emulator will affect production: \u001b[1mpubsub\u001b[22m"}}
[warn] !  Your requested "node" version "8" doesn't match your global version "13" {"metadata":{"emulator":{"name":"functions"},"message":"Your requested \"node\" version \"8\" doesn't match your global version \"13\""}}
[debug] [2020-07-21T12:43:02.025Z] Ignoring unsupported arg: projectId {"metadata":{"emulator":{"name":"firestore"},"message":"Ignoring unsupported arg: projectId"}}
[debug] [2020-07-21T12:43:02.025Z] Ignoring unsupported arg: auto_download {"metadata":{"emulator":{"name":"firestore"},"message":"Ignoring unsupported arg: auto_download"}}
[debug] [2020-07-21T12:43:02.025Z] Starting Firestore Emulator with command {"binary":"java","args":["-Duser.language=en","-jar","C:\\Users\\gertruida.maritz\\.cache\\firebase\\emulators\\cloud-firestore-emulator-v1.11.5.jar","--host","localhost","--port",8080,"--rules","D:\\Projects\\stitch-in-time\\firestore.rules","--functions_emulator","localhost:5001"],"optionalArgs":["port","webchannel_port","host","rules","functions_emulator","seed_from_export"],"joinArgs":false} {"metadata":{"emulator":{"name":"firestore"},"message":"Starting Firestore Emulator with command {\"binary\":\"java\",\"args\":[\"-Duser.language=en\",\"-jar\",\"C:\\\\Users\\\\gertruida.maritz\\\\.cache\\\\firebase\\\\emulators\\\\cloud-firestore-emulator-v1.11.5.jar\",\"--host\",\"localhost\",\"--port\",8080,\"--rules\",\"D:\\\\Projects\\\\stitch-in-time\\\\firestore.rules\",\"--functions_emulator\",\"localhost:5001\"],\"optionalArgs\":[\"port\",\"webchannel_port\",\"host\",\"rules\",\"functions_emulator\",\"seed_from_export\"],\"joinArgs\":false}"}}
[info] i  firestore: Firestore Emulator logging to firestore-debug.log {"metadata":{"emulator":{"name":"firestore"},"message":"Firestore Emulator logging to \u001b[1mfirestore-debug.log\u001b[22m"}}
[debug] [2020-07-21T12:43:03.707Z] API endpoint: http://localhost {"metadata":{"emulator":{"name":"firestore"},"message":"API endpoint: http://localhost"}}
[debug] [2020-07-21T12:43:03.707Z] :8080
If you are using a library that supports the FIRESTORE_EMULATOR_HOST environment variable, run:

   export FIRESTORE_EMULATOR_HOST=localhost:8080

Dev App Server is now running.

 {"metadata":{"emulator":{"name":"firestore"},"message":":8080\nIf you are using a library that supports the FIRESTORE_EMULATOR_HOST environment variable, run:\r\n\n   export FIRESTORE_EMULATOR_HOST=localhost:8080\n\nDev App Server is now running.\n\r\n"}}
[debug] [2020-07-21T12:43:06.161Z] database rules config:  [{"rules":"database.rules.json","instance":"stitchintime-3f21d"}]
[debug] [2020-07-21T12:43:06.163Z] Ignoring unsupported arg: projectId {"metadata":{"emulator":{"name":"database"},"message":"Ignoring unsupported arg: projectId"}}
[debug] [2020-07-21T12:43:06.164Z] Ignoring unsupported arg: auto_download {"metadata":{"emulator":{"name":"database"},"message":"Ignoring unsupported arg: auto_download"}}
[debug] [2020-07-21T12:43:06.164Z] Ignoring unsupported arg: rules {"metadata":{"emulator":{"name":"database"},"message":"Ignoring unsupported arg: rules"}}
[debug] [2020-07-21T12:43:06.164Z] Starting Database Emulator with command {"binary":"java","args":["-Duser.language=en","-jar","C:\\Users\\gertruida.maritz\\.cache\\firebase\\emulators\\firebase-database-emulator-v4.5.0.jar","--host","localhost","--port",9000,"--functions_emulator_host","localhost","--functions_emulator_port",5001],"optionalArgs":["port","host","functions_emulator_port","functions_emulator_host"],"joinArgs":false} {"metadata":{"emulator":{"name":"database"},"message":"Starting Database Emulator with command {\"binary\":\"java\",\"args\":[\"-Duser.language=en\",\"-jar\",\"C:\\\\Users\\\\gertruida.maritz\\\\.cache\\\\firebase\\\\emulators\\\\firebase-database-emulator-v4.5.0.jar\",\"--host\",\"localhost\",\"--port\",9000,\"--functions_emulator_host\",\"localhost\",\"--functions_emulator_port\",5001],\"optionalArgs\":[\"port\",\"host\",\"functions_emulator_port\",\"functions_emulator_host\"],\"joinArgs\":false}"}}
[info] i  database: Database Emulator logging to database-debug.log {"metadata":{"emulator":{"name":"database"},"message":"Database Emulator logging to \u001b[1mdatabase-debug.log\u001b[22m"}}
[debug] [2020-07-21T12:43:07.673Z] 14:43:07.672 [NamespaceSystem-akka.actor.default-dispatcher-5] INFO akka.event.slf4j.Slf4jLogger - Slf4jLogger started
 {"metadata":{"emulator":{"name":"database"},"message":"14:43:07.672 [NamespaceSystem-akka.actor.default-dispatcher-5] INFO akka.event.slf4j.Slf4jLogger - Slf4jLogger started\r\n"}}
[debug] [2020-07-21T12:43:07.832Z] 14:43:07.832 [main] INFO com.firebase.server.forge.App$ - Listening at localhost:9000
 {"metadata":{"emulator":{"name":"database"},"message":"14:43:07.832 [main] INFO com.firebase.server.forge.App$ - Listening at localhost:9000\r\n"}}
[debug] [2020-07-21T12:43:10.191Z] > refreshing access token with scopes: ["email","https://www.googleapis.com/auth/cloud-platform","https://www.googleapis.com/auth/cloudplatformprojects.readonly","https://www.googleapis.com/auth/firebase","openid"]
[debug] [2020-07-21T12:43:10.191Z] >>> HTTP REQUEST POST https://www.googleapis.com/oauth2/v3/token  
 <request body omitted>
[debug] [2020-07-21T12:43:10.834Z] <<< HTTP RESPONSE 200 {"content-type":"application/json; charset=utf-8","vary":"X-Origin, Referer, Origin,Accept-Encoding","date":"Tue, 21 Jul 2020 12:43:10 GMT","server":"scaffolding on HTTPServer2","cache-control":"private","x-xss-protection":"0","x-frame-options":"SAMEORIGIN","x-content-type-options":"nosniff","alt-svc":"h3-29=\":443\"; ma=2592000,h3-27=\":443\"; ma=2592000,h3-25=\":443\"; ma=2592000,h3-T050=\":443\"; ma=2592000,h3-Q050=\":443\"; ma=2592000,h3-Q046=\":443\"; ma=2592000,h3-Q043=\":443\"; ma=2592000,quic=\":443\"; ma=2592000; v=\"46,43\"","accept-ranges":"none","transfer-encoding":"chunked"}
[debug] [2020-07-21T12:43:10.841Z] >>> HTTP REQUEST GET https://firebase.googleapis.com/v1beta1/projects/stitchintime-3f21d/webApps/-/config  
 
[debug] [2020-07-21T12:43:12.393Z] <<< HTTP RESPONSE 200 {"content-type":"application/json; charset=UTF-8","vary":"X-Origin, Referer, Origin,Accept-Encoding","date":"Tue, 21 Jul 2020 12:43:12 GMT","server":"ESF","cache-control":"private","x-xss-protection":"0","x-frame-options":"SAMEORIGIN","x-content-type-options":"nosniff","alt-svc":"h3-29=\":443\"; ma=2592000,h3-27=\":443\"; ma=2592000,h3-25=\":443\"; ma=2592000,h3-T050=\":443\"; ma=2592000,h3-Q050=\":443\"; ma=2592000,h3-Q046=\":443\"; ma=2592000,h3-Q043=\":443\"; ma=2592000,quic=\":443\"; ma=2592000; v=\"46,43\"","accept-ranges":"none","transfer-encoding":"chunked"}
[info] i  hosting: Serving hosting files from: build {"metadata":{"emulator":{"name":"hosting"},"message":"Serving hosting files from: \u001b[1mbuild\u001b[22m"}}
[info] +  hosting: Local server: http://localhost:5000 {"metadata":{"emulator":{"name":"hosting"},"message":"Local server: \u001b[4m\u001b[1mhttp://localhost:5000\u001b[22m\u001b[24m"}}
[debug] [2020-07-21T12:43:16.432Z] Ignoring unsupported arg: auto_download {"metadata":{"emulator":{"name":"ui"},"message":"Ignoring unsupported arg: auto_download"}}
[debug] [2020-07-21T12:43:16.432Z] Ignoring unsupported arg: port {"metadata":{"emulator":{"name":"ui"},"message":"Ignoring unsupported arg: port"}}
[debug] [2020-07-21T12:43:16.432Z] Starting Emulator UI with command {"binary":"node","args":["C:\\Users\\gertruida.maritz\\.cache\\firebase\\emulators\\ui-v1.1.1\\server.bundle.js"],"optionalArgs":[],"joinArgs":false} {"metadata":{"emulator":{"name":"ui"},"message":"Starting Emulator UI with command {\"binary\":\"node\",\"args\":[\"C:\\\\Users\\\\gertruida.maritz\\\\.cache\\\\firebase\\\\emulators\\\\ui-v1.1.1\\\\server.bundle.js\"],\"optionalArgs\":[],\"joinArgs\":false}"}}
[info] i  ui: Emulator UI logging to ui-debug.log {"metadata":{"emulator":{"name":"ui"},"message":"Emulator UI logging to \u001b[1mui-debug.log\u001b[22m"}}
[debug] [2020-07-21T12:43:16.560Z] Web / API server started at http://localhost:4000
 {"metadata":{"emulator":{"name":"ui"},"message":"Web / API server started at http://localhost:4000\n"}}
[info] i  functions: Watching "D:\Projects\stitch-in-time\functions" for Cloud Functions... {"metadata":{"emulator":{"name":"functions"},"message":"Watching \"D:\\Projects\\stitch-in-time\\functions\" for Cloud Functions..."}}
[debug] [2020-07-21T12:43:16.972Z] [worker-pool] addWorker(~diagnostic~) {"metadata":{"emulator":{"name":"functions"},"message":"[worker-pool] addWorker(~diagnostic~)"}}
[debug] [2020-07-21T12:43:16.972Z] [worker-pool] Adding worker with key ~diagnostic~, total=1 {"metadata":{"emulator":{"name":"functions"},"message":"[worker-pool] Adding worker with key ~diagnostic~, total=1"}}
[debug] [2020-07-21T12:43:16.972Z] [worker-pool] submitWork(triggerId=) {"metadata":{"emulator":{"name":"functions"},"message":"[worker-pool] submitWork(triggerId=)"}}
[debug] [2020-07-21T12:43:16.973Z] [worker-~diagnostic~-15d9726d-b2b2-47be-afde-166c319f2aba]: Assigning socketPath: \\?\pipe\D:\Projects\stitch-in-time\functions\30416 {"metadata":{"emulator":{"name":"functions"},"message":"[worker-~diagnostic~-15d9726d-b2b2-47be-afde-166c319f2aba]: Assigning socketPath: \\\\?\\pipe\\D:\\Projects\\stitch-in-time\\functions\\30416"}}
[debug] [2020-07-21T12:43:16.973Z] [worker-~diagnostic~-15d9726d-b2b2-47be-afde-166c319f2aba]: BUSY {"metadata":{"emulator":{"name":"functions"},"message":"[worker-~diagnostic~-15d9726d-b2b2-47be-afde-166c319f2aba]: BUSY"}}
[debug] [2020-07-21T12:43:17.320Z] [runtime-status] [30416] Functions runtime initialized. {"cwd":"D:\\Projects\\stitch-in-time\\functions","node_version":"13.11.0"} {"metadata":{"emulator":{"name":"functions"},"message":"[runtime-status] [30416] Functions runtime initialized. {\"cwd\":\"D:\\\\Projects\\\\stitch-in-time\\\\functions\",\"node_version\":\"13.11.0\"}"}}
[debug] [2020-07-21T12:43:17.321Z] [runtime-status] [30416] Disabled runtime features: undefined {"metadata":{"emulator":{"name":"functions"},"message":"[runtime-status] [30416] Disabled runtime features: undefined"}}
[debug] [2020-07-21T12:43:17.323Z] [runtime-status] [30416] Resolved module firebase-admin {"declared":true,"installed":true,"version":"8.13.0","resolution":"D:\\Projects\\stitch-in-time\\functions\\node_modules\\firebase-admin\\lib\\index.js"} {"metadata":{"emulator":{"name":"functions"},"message":"[runtime-status] [30416] Resolved module firebase-admin {\"declared\":true,\"installed\":true,\"version\":\"8.13.0\",\"resolution\":\"D:\\\\Projects\\\\stitch-in-time\\\\functions\\\\node_modules\\\\firebase-admin\\\\lib\\\\index.js\"}"}}
[debug] [2020-07-21T12:43:17.326Z] [runtime-status] [30416] Resolved module firebase-functions {"declared":true,"installed":true,"version":"3.7.0","resolution":"D:\\Projects\\stitch-in-time\\functions\\node_modules\\firebase-functions\\lib\\index.js"} {"metadata":{"emulator":{"name":"functions"},"message":"[runtime-status] [30416] Resolved module firebase-functions {\"declared\":true,\"installed\":true,\"version\":\"3.7.0\",\"resolution\":\"D:\\\\Projects\\\\stitch-in-time\\\\functions\\\\node_modules\\\\firebase-functions\\\\lib\\\\index.js\"}"}}
[debug] [2020-07-21T12:43:17.327Z] [runtime-status] [30416] Found local functions config: D:\Projects\stitch-in-time\functions/.runtimeconfig.json {"metadata":{"emulator":{"name":"functions"},"message":"[runtime-status] [30416] Found local functions config: D:\\Projects\\stitch-in-time\\functions/.runtimeconfig.json"}}
[debug] [2020-07-21T12:43:17.328Z] [runtime-status] [30416] Resolved module firebase-functions {"declared":true,"installed":true,"version":"3.7.0","resolution":"D:\\Projects\\stitch-in-time\\functions\\node_modules\\firebase-functions\\lib\\index.js"} {"metadata":{"emulator":{"name":"functions"},"message":"[runtime-status] [30416] Resolved module firebase-functions {\"declared\":true,\"installed\":true,\"version\":\"3.7.0\",\"resolution\":\"D:\\\\Projects\\\\stitch-in-time\\\\functions\\\\node_modules\\\\firebase-functions\\\\lib\\\\index.js\"}"}}
[debug] [2020-07-21T12:43:17.329Z] [runtime-status] [30416] Outgoing network have been stubbed. [{"name":"http","status":"mocked"},{"name":"http","status":"mocked"},{"name":"https","status":"mocked"},{"name":"https","status":"mocked"},{"name":"net","status":"mocked"}] {"metadata":{"emulator":{"name":"functions"},"message":"[runtime-status] [30416] Outgoing network have been stubbed. [{\"name\":\"http\",\"status\":\"mocked\"},{\"name\":\"http\",\"status\":\"mocked\"},{\"name\":\"https\",\"status\":\"mocked\"},{\"name\":\"https\",\"status\":\"mocked\"},{\"name\":\"net\",\"status\":\"mocked\"}]"}}
[debug] [2020-07-21T12:43:17.330Z] [runtime-status] [30416] Resolved module firebase-functions {"declared":true,"installed":true,"version":"3.7.0","resolution":"D:\\Projects\\stitch-in-time\\functions\\node_modules\\firebase-functions\\lib\\index.js"} {"metadata":{"emulator":{"name":"functions"},"message":"[runtime-status] [30416] Resolved module firebase-functions {\"declared\":true,\"installed\":true,\"version\":\"3.7.0\",\"resolution\":\"D:\\\\Projects\\\\stitch-in-time\\\\functions\\\\node_modules\\\\firebase-functions\\\\lib\\\\index.js\"}"}}
[debug] [2020-07-21T12:43:17.365Z] [runtime-status] [30416] Checked functions.config() {"config":{"db":{"url":"https://stitchintime-3f21d.firebaseio.com"},"admin":{"adminsecretkey":"Wp%-y/Wwde2r2phL'!vZ&NmQE}g:5TjaQKa}5C!Ps(m`BkTf%xtfxr.G+%QG#HEK;HKNbz]#b&F/c^BzYgvU8Dag!XLD/.YzkMC]jVe>.&]$_)w'SyR#FA"}}} {"metadata":{"emulator":{"name":"functions"},"message":"[runtime-status] [30416] Checked functions.config() {\"config\":{\"db\":{\"url\":\"https://stitchintime-3f21d.firebaseio.com\"},\"admin\":{\"adminsecretkey\":\"Wp%-y/Wwde2r2phL'!vZ&NmQE}g:5TjaQKa}5C!Ps(m`BkTf%xtfxr.G+%QG#HEK;HKNbz]#b&F/c^BzYgvU8Dag!XLD/.YzkMC]jVe>.&]$_)w'SyR#FA\"}}}"}}
[debug] [2020-07-21T12:43:17.365Z] [runtime-status] [30416] firebase-functions has been stubbed. {"functionsResolution":{"declared":true,"installed":true,"version":"3.7.0","resolution":"D:\\Projects\\stitch-in-time\\functions\\node_modules\\firebase-functions\\lib\\index.js"}} {"metadata":{"emulator":{"name":"functions"},"message":"[runtime-status] [30416] firebase-functions has been stubbed. {\"functionsResolution\":{\"declared\":true,\"installed\":true,\"version\":\"3.7.0\",\"resolution\":\"D:\\\\Projects\\\\stitch-in-time\\\\functions\\\\node_modules\\\\firebase-functions\\\\lib\\\\index.js\"}}"}}
[debug] [2020-07-21T12:43:17.366Z] [runtime-status] [30416] Resolved module firebase-functions {"declared":true,"installed":true,"version":"3.7.0","resolution":"D:\\Projects\\stitch-in-time\\functions\\node_modules\\firebase-functions\\lib\\index.js"} {"metadata":{"emulator":{"name":"functions"},"message":"[runtime-status] [30416] Resolved module firebase-functions {\"declared\":true,\"installed\":true,\"version\":\"3.7.0\",\"resolution\":\"D:\\\\Projects\\\\stitch-in-time\\\\functions\\\\node_modules\\\\firebase-functions\\\\lib\\\\index.js\"}"}}
[debug] [2020-07-21T12:43:17.366Z] [runtime-status] [30416] Resolved module firebase-admin {"declared":true,"installed":true,"version":"8.13.0","resolution":"D:\\Projects\\stitch-in-time\\functions\\node_modules\\firebase-admin\\lib\\index.js"} {"metadata":{"emulator":{"name":"functions"},"message":"[runtime-status] [30416] Resolved module firebase-admin {\"declared\":true,\"installed\":true,\"version\":\"8.13.0\",\"resolution\":\"D:\\\\Projects\\\\stitch-in-time\\\\functions\\\\node_modules\\\\firebase-admin\\\\lib\\\\index.js\"}"}}
[debug] [2020-07-21T12:43:17.367Z] [runtime-status] [30416] Resolved module firebase-functions {"declared":true,"installed":true,"version":"3.7.0","resolution":"D:\\Projects\\stitch-in-time\\functions\\node_modules\\firebase-functions\\lib\\index.js"} {"metadata":{"emulator":{"name":"functions"},"message":"[runtime-status] [30416] Resolved module firebase-functions {\"declared\":true,\"installed\":true,\"version\":\"3.7.0\",\"resolution\":\"D:\\\\Projects\\\\stitch-in-time\\\\functions\\\\node_modules\\\\firebase-functions\\\\lib\\\\index.js\"}"}}
[debug] [2020-07-21T12:43:17.367Z] [runtime-status] [30416] firebase-admin has been stubbed. {"adminResolution":{"declared":true,"installed":true,"version":"8.13.0","resolution":"D:\\Projects\\stitch-in-time\\functions\\node_modules\\firebase-admin\\lib\\index.js"}} {"metadata":{"emulator":{"name":"functions"},"message":"[runtime-status] [30416] firebase-admin has been stubbed. {\"adminResolution\":{\"declared\":true,\"installed\":true,\"version\":\"8.13.0\",\"resolution\":\"D:\\\\Projects\\\\stitch-in-time\\\\functions\\\\node_modules\\\\firebase-admin\\\\lib\\\\index.js\"}}"}}
[debug] [2020-07-21T12:43:17.403Z] [runtime-status] [30416] initializeApp(DEFAULT) {"credential":{"implicit":false,"projectId":"stitchintime-3f21d","privateKey":"-----BEGIN PRIVATE KEY-----\nMIIEvgIBADANBgkqhkiG9w0BAQEFAASCBKgwggSkAgEAAoIBAQDSFtzwYDFNqREC\nyZU09nE2L4VMqXp5gou1h6hnWDa0qfLHGynzkLF/EEKrhoRnwZiPnchv1buaCrQ1\nrkmFD0laDGmmVBvnFv4n1IxpPv4GsHjz3vJq5DKlAOMRY9ctC8r3VNUIm+FKAPYO\n3+rJ3zWf9+TpslB3jjjQynvqA8K99p38yf/JzGMAhYsGm9JoCUNR29AchXKldj8z\naM/peuuzGQvURJx+UfK5+IveNuuTaMJeJLbAj39Fh7eBrY8TCqzE8j3ic5L7PuHZ\ngOOeb6jYPyB2WfA4kuOw416ZCUzyEZX9104w+fCr+qXrKTkluNmNRFRUWHZAazjG\nh9a+eiFzAgMBAAECggEAAOZDsF2oH+lZClsS0u9X4idjlAH5++ibw5QGZ0Jli3Ie\nWusrNQwa1nCMNMLaUr2EJ+7mxOeSambGRZFFV4usnvVAw7h7Dhoc3Sjo3MCcLCrs\njHgoPnw1RxDAJFyu1SkCtNydpdIF+QWcCBT6SHq+KzWEYI8PPDHrzf+g3/O77z3p\n5MJb8a3rO6MiAkU8xYlSXv9CqAgzccDcFmhwW8q/tEzD44VNQUCeuWBEfQJoWsq6\n0JAZVksvzDqY82YdZLX+8BTuKAQhfDx4K1iPAVF0H37ciQmBUgG2JM9p4uY+K6uF\nXZ50CEPnJHFVN4fhEDo/5UP3QiDtot46vhmKGAbusQKBgQD7V8YRIfUClzxJ+cJM\nP6fjPL5RbD8EUjui/FCnSAHf+1VSREM9f0qTV5GllGLiUG5oMmhFA58L1nnJBNLq\nUkHrwfXruVDjjHBl9ALegMQFYvBTAjuLOlf4wxrP/WnlWSP6rjC3Nvvc3NPhyrmt\ndMQrl19Dhfm+HXhURPGIfDzXlwKBgQDV+2f5I7n+ENQK2jrk+22Wv5TZLPhx6K/3\nzFmUS1gEGyj8mjCJNf4OPaV+Zr5KSYCPoFRrC/+cAP6vzlEsNgRunOuuW9veOBsT\nMjfuJpccNKavD++XWbTSuzOwPbEa7jiMo6WDNwTzZmLBnw9dp0c3lI8KLB6++iz+\n01Xw8tbghQKBgQCvV5R970qV/Bu7H9pEh0QAayf6daGgyh2AnrVFfh6Quy3Srnya\nMms8TyL0eIhjiej8F+5V9yjFgWKEsjDR94C1kCKXyDh+BkODXK+DuiEGAPfXcP9J\nKfKlQLc70nZF4eIPx+WEa39ZnVTTeDIAqC0SnA+Bc72+u6BuaYp2xPVNEQKBgDyu\nW9DaIc97xDYDpvnylyRN1g80Yowi+WvjJnAYYbBgZ2Ii86qlhhNRxhGvXz0/1NZm\nGCp3L5h068S9VGWeN+mKVIeQgyxkasEp15SQmv+jqrUwZrhb9xxffAv5orTJY332\nlmQ8gQnpOg5AZiIf4uFPHrU6x8lOtt3Y3qFCrE7lAoGBAIhalnHmv4y2FDDqv22I\n+MavTwb597iCXG48YEzFHOinmTeg5zdboJg37MMZN0LdOOZB5F5B0un5NAZT790c\n+izyTDQNHYL7erVnDO1/q8eWpLMVPYBEY/w4UbM9ufAXUJVDJzKJO6djTLF5Q3eh\njtfXN/nVlsnz0n7T7xEL9dO8\n-----END PRIVATE KEY-----\n","clientEmail":"firebase-adminsdk-8d1zz@stitchintime-3f21d.iam.gserviceaccount.com","httpClient":{"retry":{"maxRetries":4,"statusCodes":[503],"ioErrorCodes":["ECONNRESET","ETIMEDOUT"],"backOffFactor":0.5,"maxDelayInMillis":60000}}},"databaseURL":"https://stitchintime-3f21d.firebaseio.com"} {"metadata":{"emulator":{"name":"functions"},"message":"[runtime-status] [30416] initializeApp(DEFAULT) {\"credential\":{\"implicit\":false,\"projectId\":\"stitchintime-3f21d\",\"privateKey\":\"-----BEGIN PRIVATE KEY-----\\nMIIEvgIBADANBgkqhkiG9w0BAQEFAASCBKgwggSkAgEAAoIBAQDSFtzwYDFNqREC\\nyZU09nE2L4VMqXp5gou1h6hnWDa0qfLHGynzkLF/EEKrhoRnwZiPnchv1buaCrQ1\\nrkmFD0laDGmmVBvnFv4n1IxpPv4GsHjz3vJq5DKlAOMRY9ctC8r3VNUIm+FKAPYO\\n3+rJ3zWf9+TpslB3jjjQynvqA8K99p38yf/JzGMAhYsGm9JoCUNR29AchXKldj8z\\naM/peuuzGQvURJx+UfK5+IveNuuTaMJeJLbAj39Fh7eBrY8TCqzE8j3ic5L7PuHZ\\ngOOeb6jYPyB2WfA4kuOw416ZCUzyEZX9104w+fCr+qXrKTkluNmNRFRUWHZAazjG\\nh9a+eiFzAgMBAAECggEAAOZDsF2oH+lZClsS0u9X4idjlAH5++ibw5QGZ0Jli3Ie\\nWusrNQwa1nCMNMLaUr2EJ+7mxOeSambGRZFFV4usnvVAw7h7Dhoc3Sjo3MCcLCrs\\njHgoPnw1RxDAJFyu1SkCtNydpdIF+QWcCBT6SHq+KzWEYI8PPDHrzf+g3/O77z3p\\n5MJb8a3rO6MiAkU8xYlSXv9CqAgzccDcFmhwW8q/tEzD44VNQUCeuWBEfQJoWsq6\\n0JAZVksvzDqY82YdZLX+8BTuKAQhfDx4K1iPAVF0H37ciQmBUgG2JM9p4uY+K6uF\\nXZ50CEPnJHFVN4fhEDo/5UP3QiDtot46vhmKGAbusQKBgQD7V8YRIfUClzxJ+cJM\\nP6fjPL5RbD8EUjui/FCnSAHf+1VSREM9f0qTV5GllGLiUG5oMmhFA58L1nnJBNLq\\nUkHrwfXruVDjjHBl9ALegMQFYvBTAjuLOlf4wxrP/WnlWSP6rjC3Nvvc3NPhyrmt\\ndMQrl19Dhfm+HXhURPGIfDzXlwKBgQDV+2f5I7n+ENQK2jrk+22Wv5TZLPhx6K/3\\nzFmUS1gEGyj8mjCJNf4OPaV+Zr5KSYCPoFRrC/+cAP6vzlEsNgRunOuuW9veOBsT\\nMjfuJpccNKavD++XWbTSuzOwPbEa7jiMo6WDNwTzZmLBnw9dp0c3lI8KLB6++iz+\\n01Xw8tbghQKBgQCvV5R970qV/Bu7H9pEh0QAayf6daGgyh2AnrVFfh6Quy3Srnya\\nMms8TyL0eIhjiej8F+5V9yjFgWKEsjDR94C1kCKXyDh+BkODXK+DuiEGAPfXcP9J\\nKfKlQLc70nZF4eIPx+WEa39ZnVTTeDIAqC0SnA+Bc72+u6BuaYp2xPVNEQKBgDyu\\nW9DaIc97xDYDpvnylyRN1g80Yowi+WvjJnAYYbBgZ2Ii86qlhhNRxhGvXz0/1NZm\\nGCp3L5h068S9VGWeN+mKVIeQgyxkasEp15SQmv+jqrUwZrhb9xxffAv5orTJY332\\nlmQ8gQnpOg5AZiIf4uFPHrU6x8lOtt3Y3qFCrE7lAoGBAIhalnHmv4y2FDDqv22I\\n+MavTwb597iCXG48YEzFHOinmTeg5zdboJg37MMZN0LdOOZB5F5B0un5NAZT790c\\n+izyTDQNHYL7erVnDO1/q8eWpLMVPYBEY/w4UbM9ufAXUJVDJzKJO6djTLF5Q3eh\\njtfXN/nVlsnz0n7T7xEL9dO8\\n-----END PRIVATE KEY-----\\n\",\"clientEmail\":\"firebase-adminsdk-8d1zz@stitchintime-3f21d.iam.gserviceaccount.com\",\"httpClient\":{\"retry\":{\"maxRetries\":4,\"statusCodes\":[503],\"ioErrorCodes\":[\"ECONNRESET\",\"ETIMEDOUT\"],\"backOffFactor\":0.5,\"maxDelayInMillis\":60000}}},\"databaseURL\":\"https://stitchintime-3f21d.firebaseio.com\"}"}}
[info] +  functions[adminPushProjectType]: http function initialized (http://localhost:5001/stitchintime-3f21d/us-central1/adminPushProjectType). {"metadata":{"emulator":{"name":"functions"},"message":"\u001b[1mhttp\u001b[22m function initialized (http://localhost:5001/stitchintime-3f21d/us-central1/adminPushProjectType)."}}
[info] 
┌───────────────────────────────────────────────────────────────────────┐
│ ✔  All emulators ready! View status and logs at http://localhost:4000 │
└───────────────────────────────────────────────────────────────────────┘

┌───────────┬────────────────┬─────────────────────────────────┐
│ Emulator  │ Host:Port      │ View in Emulator UI             │
├───────────┼────────────────┼─────────────────────────────────┤
│ Functions │ localhost:5001 │ http://localhost:4000/functions │
├───────────┼────────────────┼─────────────────────────────────┤
│ Firestore │ localhost:8080 │ http://localhost:4000/firestore │
├───────────┼────────────────┼─────────────────────────────────┤
│ Database  │ localhost:9000 │ http://localhost:4000/database  │
├───────────┼────────────────┼─────────────────────────────────┤
│ Hosting   │ localhost:5000 │ n/a                             │
└───────────┴────────────────┴─────────────────────────────────┘
  Other reserved ports: 4400, 4500

Issues? Report them at https://github.com/firebase/firebase-tools/issues and attach the *-debug.log files.
 
[debug] [2020-07-21T12:43:17.476Z] [worker-~diagnostic~-15d9726d-b2b2-47be-afde-166c319f2aba]: IDLE {"metadata":{"emulator":{"name":"functions"},"message":"[worker-~diagnostic~-15d9726d-b2b2-47be-afde-166c319f2aba]: IDLE"}}
[debug] [2020-07-21T12:43:18.836Z] 14:43:18.836 [NamespaceSystem-akka.actor.default-dispatcher-6] WARN com.firebase.server.forge.App$ - Received service account token ya29...OZ7y, assuming ownership.
 {"metadata":{"emulator":{"name":"database"},"message":"14:43:18.836 [NamespaceSystem-akka.actor.default-dispatcher-6] WARN com.firebase.server.forge.App$ - Received service account token ya29...OZ7y, assuming ownership.\r\n"}}
[debug] [2020-07-21T13:38:17.674Z] 15:38:17.674 [NamespaceSystem-akka.actor.default-dispatcher-10] WARN com.firebase.server.forge.App$ - Received service account token ya29...-Yu8, assuming ownership.
 {"metadata":{"emulator":{"name":"database"},"message":"15:38:17.674 [NamespaceSystem-akka.actor.default-dispatcher-10] WARN com.firebase.server.forge.App$ - Received service account token ya29...-Yu8, assuming ownership.\r\n"}}
[debug] [2020-07-21T14:33:17.254Z] 16:33:17.253 [NamespaceSystem-akka.actor.default-dispatcher-15] WARN com.firebase.server.forge.App$ - Received service account token ya29...B-Vl, assuming ownership.
 {"metadata":{"emulator":{"name":"database"},"message":"16:33:17.253 [NamespaceSystem-akka.actor.default-dispatcher-15] WARN com.firebase.server.forge.App$ - Received service account token ya29...B-Vl, assuming ownership.\r\n"}}
[debug] [2020-07-21T15:28:16.767Z] 17:28:16.766 [NamespaceSystem-akka.actor.default-dispatcher-20] WARN com.firebase.server.forge.App$ - Received service account token ya29...hsbH, assuming ownership.
 {"metadata":{"emulator":{"name":"database"},"message":"17:28:16.766 [NamespaceSystem-akka.actor.default-dispatcher-20] WARN com.firebase.server.forge.App$ - Received service account token ya29...hsbH, assuming ownership.\r\n"}}
[debug] [2020-07-21T16:23:16.268Z] 18:23:16.268 [NamespaceSystem-akka.actor.default-dispatcher-25] WARN com.firebase.server.forge.App$ - Received service account token ya29...CgjI, assuming ownership.
 {"metadata":{"emulator":{"name":"database"},"message":"18:23:16.268 [NamespaceSystem-akka.actor.default-dispatcher-25] WARN com.firebase.server.forge.App$ - Received service account token ya29...CgjI, assuming ownership.\r\n"}}
[debug] [2020-07-21T17:18:15.743Z] 19:18:15.742 [NamespaceSystem-akka.actor.default-dispatcher-30] WARN com.firebase.server.forge.App$ - Received service account token ya29...DZHL, assuming ownership.
 {"metadata":{"emulator":{"name":"database"},"message":"19:18:15.742 [NamespaceSystem-akka.actor.default-dispatcher-30] WARN com.firebase.server.forge.App$ - Received service account token ya29...DZHL, assuming ownership.\r\n"}}
[debug] [2020-07-21T18:13:15.231Z] 20:13:15.229 [NamespaceSystem-akka.actor.default-dispatcher-35] WARN com.firebase.server.forge.App$ - Received service account token ya29...M4Nu, assuming ownership.
 {"metadata":{"emulator":{"name":"database"},"message":"20:13:15.229 [NamespaceSystem-akka.actor.default-dispatcher-35] WARN com.firebase.server.forge.App$ - Received service account token ya29...M4Nu, assuming ownership.\r\n"}}
[debug] [2020-07-21T19:08:14.677Z] 21:08:14.677 [NamespaceSystem-akka.actor.default-dispatcher-40] WARN com.firebase.server.forge.App$ - Received service account token ya29...wP-p, assuming ownership.
 {"metadata":{"emulator":{"name":"database"},"message":"21:08:14.677 [NamespaceSystem-akka.actor.default-dispatcher-40] WARN com.firebase.server.forge.App$ - Received service account token ya29...wP-p, assuming ownership.\r\n"}}
[debug] [2020-07-21T20:27:22.642Z] 22:27:22.641 [NamespaceSystem-akka.actor.default-dispatcher-44] WARN com.firebase.server.forge.App$ - Received service account token ya29...EkwK, assuming ownership.
 {"metadata":{"emulator":{"name":"database"},"message":"22:27:22.641 [NamespaceSystem-akka.actor.default-dispatcher-44] WARN com.firebase.server.forge.App$ - Received service account token ya29...EkwK, assuming ownership.\r\n"}}
